2017-11-17 22:59:38,868 [Thread-2:12920] [blog.views:12] [views:index] [ERROR]- e
2017-11-17 23:23:33,634 [Thread-2:8736] [blog.views:19] [views:index] [ERROR]- e
2017-11-17 23:25:51,578 [Thread-2:9864] [blog.views:19] [views:index] [ERROR]- e
2017-11-18 02:48:53,338 [Thread-2:13028] [blog.views:19] [views:index] [ERROR]- e
2017-11-18 02:49:59,500 [Thread-40:14276] [blog.views:19] [views:index] [ERROR]- e
2017-11-18 13:50:19,789 [Thread-2:8488] [blog.views:19] [views:index] [ERROR]- e
2017-11-18 22:21:58,394 [Thread-2:364] [blog.views:19] [views:index] [ERROR]- e
2017-11-18 22:22:24,142 [Thread-8:4916] [blog.views:19] [views:index] [ERROR]- e
2017-11-18 22:23:11,325 [Thread-2:7620] [blog.views:19] [views:index] [ERROR]- e
2017-11-18 22:25:25,921 [Thread-7:6876] [blog.views:19] [views:index] [ERROR]- e
2017-11-18 22:26:29,167 [Thread-2:6992] [blog.views:19] [views:index] [ERROR]- e
2017-11-18 23:57:13,592 [Thread-7:6748] [blog.views:28] [views:index] [ERROR]- e
2017-11-20 17:48:09,815 [Thread-5:9160] [blog.views:161] [views:do_reg] [ERROR]- 'url'
2017-11-20 17:48:39,926 [Thread-6:9320] [blog.views:161] [views:do_reg] [ERROR]- 'url'
2017-11-20 17:50:00,650 [Thread-7:7272] [blog.views:161] [views:do_reg] [ERROR]- 'url'
2017-11-20 17:50:03,690 [Thread-8:8876] [blog.views:161] [views:do_reg] [ERROR]- 'url'
2017-11-20 17:51:17,346 [Thread-8:8744] [blog.views:161] [views:do_reg] [ERROR]- 'url'
2017-11-20 17:55:37,756 [Thread-17:7632] [blog.views:161] [views:do_reg] [ERROR]- 'url'
2017-11-20 20:24:06,181 [Thread-8:9904] [blog.views:161] [views:do_reg] [ERROR]- Reverse for '' with arguments '()' and keyword arguments '{}' not found. 0 pattern(s) tried: []
2017-11-20 20:31:58,630 [Thread-10:9020] [blog.views:161] [views:do_reg] [ERROR]- (1062, "Duplicate entry '70737' for key 'username'")
2017-11-20 20:33:16,262 [Thread-11:4428] [blog.views:161] [views:do_reg] [ERROR]- (1062, "Duplicate entry '70737' for key 'username'")
2017-11-20 20:34:19,762 [Thread-12:548] [blog.views:161] [views:do_reg] [ERROR]- (1062, "Duplicate entry '70737' for key 'username'")
2017-11-20 21:36:39,851 [Thread-50:9172] [blog.views:192] [views:do_login] [ERROR]- Reverse for '' with arguments '()' and keyword arguments '{}' not found. 0 pattern(s) tried: []
